wgan
data size: 50000
[None, 32, 32, 3]
g_woa/fully_connected/weights:0
g_woa/fully_connected/biases:0
g_woa/BatchNorm/beta:0
g_woa/BatchNorm/moving_mean:0
g_woa/BatchNorm/moving_variance:0
g_woa/Conv2d_transpose/weights:0
g_woa/Conv2d_transpose/biases:0
g_woa/Conv2d_transpose/BatchNorm/beta:0
g_woa/Conv2d_transpose/BatchNorm/moving_mean:0
g_woa/Conv2d_transpose/BatchNorm/moving_variance:0
g_woa/Conv2d_transpose_1/weights:0
g_woa/Conv2d_transpose_1/biases:0
g_woa/Conv2d_transpose_1/BatchNorm/beta:0
g_woa/Conv2d_transpose_1/BatchNorm/moving_mean:0
g_woa/Conv2d_transpose_1/BatchNorm/moving_variance:0
g_woa/Conv2d_transpose_2/weights:0
g_woa/Conv2d_transpose_2/biases:0
g_woa/Conv2d_transpose_2/BatchNorm/beta:0
g_woa/Conv2d_transpose_2/BatchNorm/moving_mean:0
g_woa/Conv2d_transpose_2/BatchNorm/moving_variance:0
g_woa/Conv2d_transpose_3/weights:0
g_woa/Conv2d_transpose_3/biases:0
Iter [       0] Time [4.3626] dl [-0.0082] gl [0.0039] gp [9.9819]
Iter [    1000] Time [94.5586] dl [-9.7154] gl [-161.1246] gp [1.3975]
Iter [    2000] Time [187.8299] dl [-16.8723] gl [-69.9812] gp [2.3094]
Iter [    3000] Time [280.1704] dl [-3.4083] gl [-2.4291] gp [2.8463]
Iter [    4000] Time [371.9831] dl [-2.7120] gl [10.1922] gp [0.9433]
Iter [    5000] Time [463.5814] dl [-6.9014] gl [29.8675] gp [1.4228]
Iter [    6000] Time [555.3214] dl [-9.9830] gl [3.5229] gp [1.1526]
Iter [    7000] Time [646.8908] dl [-7.9273] gl [-6.3258] gp [1.1467]
Iter [    8000] Time [738.3797] dl [-7.1274] gl [-6.6719] gp [0.6138]
Iter [    9000] Time [829.5572] dl [-6.0596] gl [-2.1926] gp [0.7046]
Iter [   10000] Time [921.0633] dl [-5.4624] gl [10.0833] gp [1.1966]
....................................................................................................................................................................................................................................................................................................................................................................................................................................................................................................................inception score [4.6174]
FID: 68.46153154864788
Iter [   11000] Time [1242.5148] dl [-6.2648] gl [13.7942] gp [0.6610]
Iter [   12000] Time [1334.0261] dl [-5.9631] gl [-0.4870] gp [0.7781]
Iter [   13000] Time [1426.2790] dl [-6.4528] gl [6.1192] gp [0.7533]
Iter [   14000] Time [1518.3263] dl [-3.1330] gl [3.2858] gp [0.5467]
Iter [   15000] Time [1609.8893] dl [-4.0201] gl [14.6007] gp [0.5311]
Iter [   16000] Time [1701.4361] dl [-1.9298] gl [6.2919] gp [0.5222]
Iter [   17000] Time [1793.3748] dl [-4.4985] gl [0.7062] gp [0.6714]
Iter [   18000] Time [1884.9116] dl [-3.8485] gl [-15.9474] gp [0.7234]
Iter [   19000] Time [1976.1287] dl [-6.7377] gl [10.0351] gp [0.6395]
Iter [   20000] Time [2067.5438] dl [-4.3778] gl [15.5857] gp [0.5096]
....................................................................................................................................................................................................................................................................................................................................................................................................................................................................................................................inception score [5.5443]
FID: 49.977628336466594
Iter [   21000] Time [2385.0412] dl [-3.0360] gl [12.1782] gp [0.6532]
Iter [   22000] Time [2476.9377] dl [-2.8382] gl [-5.0478] gp [0.4436]
Iter [   23000] Time [2569.3367] dl [-2.1279] gl [3.5070] gp [0.5097]
Iter [   24000] Time [2661.6909] dl [-3.2827] gl [8.6782] gp [0.7033]
Iter [   25000] Time [2753.6963] dl [-2.4379] gl [-17.4674] gp [0.9336]
Iter [   26000] Time [2845.5520] dl [-2.7755] gl [-4.3844] gp [0.5136]
Iter [   27000] Time [2937.1267] dl [-3.9278] gl [-12.4341] gp [0.5535]
Iter [   28000] Time [3028.5889] dl [-3.6981] gl [-7.2897] gp [0.5765]
Iter [   29000] Time [3120.1948] dl [-3.2206] gl [-5.4136] gp [0.5558]
Iter [   30000] Time [3211.7708] dl [-3.4595] gl [-1.9963] gp [0.4898]
....................................................................................................................................................................................................................................................................................................................................................................................................................................................................................................................inception score [6.2399]
FID: 40.879416843966254
Iter [   31000] Time [3529.4454] dl [-6.0182] gl [-2.6236] gp [0.6912]
Iter [   32000] Time [3621.2579] dl [-3.8517] gl [-7.2280] gp [0.6751]
Iter [   33000] Time [3713.7148] dl [-4.0609] gl [8.2592] gp [0.5044]
Iter [   34000] Time [3805.8277] dl [-3.4190] gl [-3.4105] gp [0.5450]
Iter [   35000] Time [3897.5939] dl [-4.1221] gl [4.3848] gp [0.7085]
Iter [   36000] Time [3989.2502] dl [-3.7264] gl [-1.5000] gp [0.9196]
Iter [   37000] Time [4080.8124] dl [-4.3380] gl [-3.7753] gp [0.6713]
Iter [   38000] Time [4172.9817] dl [-4.1672] gl [3.8901] gp [0.7766]
Iter [   39000] Time [4264.9713] dl [-3.9378] gl [5.1102] gp [0.6075]
Iter [   40000] Time [4356.5428] dl [-4.4907] gl [6.7947] gp [0.5903]
....................................................................................................................................................................................................................................................................................................................................................................................................................................................................................................................inception score [6.3118]
FID: 36.800731568908134
Iter [   41000] Time [4672.2559] dl [-3.5534] gl [3.2086] gp [0.6128]
Iter [   42000] Time [4763.9083] dl [-5.4189] gl [5.0266] gp [0.8466]
Iter [   43000] Time [4856.3848] dl [-6.2754] gl [-1.4684] gp [0.5500]
Iter [   44000] Time [4948.2488] dl [-3.0265] gl [4.2514] gp [0.5434]
Iter [   45000] Time [5040.0534] dl [-6.1881] gl [11.7995] gp [0.6272]
Iter [   46000] Time [5132.1962] dl [-2.7273] gl [-0.7137] gp [0.4853]
Iter [   47000] Time [5224.3966] dl [-5.2434] gl [-3.4617] gp [0.7714]
Iter [   48000] Time [5315.7921] dl [-5.4462] gl [2.0747] gp [0.7609]
Iter [   49000] Time [5407.3961] dl [-6.2995] gl [2.4968] gp [0.9943]
Iter [   50000] Time [5499.1828] dl [-6.3859] gl [8.3248] gp [0.7923]
....................................................................................................................................................................................................................................................................................................................................................................................................................................................................................................................inception score [6.5720]
FID: 35.19320288851666
Iter [   51000] Time [5814.9832] dl [-3.7032] gl [13.9329] gp [0.6980]
Iter [   52000] Time [5906.4811] dl [-5.6813] gl [9.9413] gp [1.1075]
Iter [   53000] Time [5998.9148] dl [-6.7184] gl [5.2492] gp [0.7583]
Iter [   54000] Time [6091.2721] dl [-1.9491] gl [11.4716] gp [0.6432]
Iter [   55000] Time [6183.0925] dl [-2.6740] gl [4.5766] gp [0.6221]
Iter [   56000] Time [6274.8186] dl [-5.2766] gl [11.4254] gp [0.7385]
Iter [   57000] Time [6366.3518] dl [-5.5838] gl [19.4188] gp [0.8030]
Iter [   58000] Time [6457.6857] dl [-3.7406] gl [8.4669] gp [0.6204]
Iter [   59000] Time [6549.4148] dl [-4.2587] gl [4.5697] gp [0.5584]
Iter [   60000] Time [6641.0148] dl [-4.6800] gl [14.8463] gp [0.8423]
....................................................................................................................................................................................................................................................................................................................................................................................................................................................................................................................inception score [6.8642]
FID: 32.919948849735306
Iter [   61000] Time [6956.7708] dl [-3.5985] gl [3.5597] gp [0.8193]
Iter [   62000] Time [7048.7766] dl [-2.8969] gl [15.9526] gp [0.9223]
Iter [   63000] Time [7141.2987] dl [-4.8334] gl [7.4746] gp [0.7823]
Iter [   64000] Time [7233.0839] dl [-3.8138] gl [10.5187] gp [0.7077]
Iter [   65000] Time [7324.6872] dl [-4.7172] gl [15.1366] gp [0.7142]
Iter [   66000] Time [7416.1772] dl [-5.0843] gl [14.2564] gp [0.8084]
Iter [   67000] Time [7507.5458] dl [-4.3552] gl [13.7943] gp [1.0859]
Iter [   68000] Time [7598.8101] dl [-4.6581] gl [16.5405] gp [0.9259]
Iter [   69000] Time [7690.6674] dl [-4.9282] gl [7.5017] gp [1.0334]
Iter [   70000] Time [7782.1668] dl [-2.6520] gl [14.9346] gp [0.5552]
....................................................................................................................................................................................................................................................................................................................................................................................................................................................................................................................inception score [7.1147]
FID: 30.792064803327094
Iter [   71000] Time [8098.7248] dl [-5.7107] gl [26.0353] gp [1.1929]
Iter [   72000] Time [8190.3268] dl [-3.9660] gl [8.5597] gp [1.1192]
Iter [   73000] Time [8282.3093] dl [-2.7012] gl [8.2084] gp [0.8040]
Iter [   74000] Time [8374.0766] dl [-5.2265] gl [18.2496] gp [0.8042]
Iter [   75000] Time [8465.4743] dl [-5.0529] gl [11.4006] gp [0.7034]
Iter [   76000] Time [8556.9326] dl [-4.6129] gl [16.9838] gp [0.8225]
Iter [   77000] Time [8648.8272] dl [-3.9305] gl [23.6574] gp [0.8315]
Iter [   78000] Time [8740.2968] dl [-2.2892] gl [10.0261] gp [0.7797]
Iter [   79000] Time [8831.9248] dl [-4.6418] gl [6.7453] gp [1.1118]
Iter [   80000] Time [8923.6722] dl [-4.5662] gl [15.8925] gp [0.8553]
....................................................................................................................................................................................................................................................................................................................................................................................................................................................................................................................inception score [6.9953]
FID: 32.38451554485682
Iter [   81000] Time [9240.6307] dl [-3.4573] gl [20.6683] gp [0.9967]
Iter [   82000] Time [9332.4115] dl [-5.1260] gl [10.1212] gp [0.7809]
Iter [   83000] Time [9424.8775] dl [-2.5841] gl [27.3746] gp [0.9266]
Iter [   84000] Time [9517.3841] dl [-5.5280] gl [29.8940] gp [1.2862]
Iter [   85000] Time [9609.4789] dl [-6.7475] gl [12.4684] gp [1.2238]
Iter [   86000] Time [9701.3460] dl [-5.1759] gl [23.0763] gp [0.8845]
Iter [   87000] Time [9793.0671] dl [-6.6981] gl [19.5796] gp [1.1770]
Iter [   88000] Time [9884.8308] dl [-4.9208] gl [18.4774] gp [1.1063]
Iter [   89000] Time [9976.4743] dl [-5.9628] gl [18.5992] gp [1.1646]
Iter [   90000] Time [10068.6233] dl [-5.7661] gl [22.8755] gp [1.1323]
....................................................................................................................................................................................................................................................................................................................................................................................................................................................................................................................inception score [7.1565]
FID: 31.239987364448606
Iter [   91000] Time [10384.8436] dl [-4.2325] gl [21.1542] gp [1.3974]
Iter [   92000] Time [10476.5711] dl [-6.7026] gl [18.2824] gp [0.9854]
Iter [   93000] Time [10569.3683] dl [-6.6556] gl [17.8446] gp [1.0907]
Iter [   94000] Time [10661.3350] dl [-4.3629] gl [40.0315] gp [1.1543]
Iter [   95000] Time [10753.3759] dl [-4.9338] gl [29.2503] gp [1.2592]
Iter [   96000] Time [10845.3545] dl [-4.9775] gl [4.5134] gp [1.3739]
Iter [   97000] Time [10937.1259] dl [-5.6775] gl [6.3554] gp [1.2303]
Iter [   98000] Time [11029.1732] dl [-5.6579] gl [19.9140] gp [1.1381]
Iter [   99000] Time [11120.7850] dl [-4.8741] gl [6.6949] gp [1.2820]
Iter [  100000] Time [11212.6268] dl [-7.9376] gl [12.8386] gp [1.3816]
....................................................................................................................................................................................................................................................................................................................................................................................................................................................................................................................inception score [6.9115]
FID: 31.77293362863241
Iter [  101000] Time [11529.8873] dl [-5.7750] gl [15.4573] gp [0.9616]
Iter [  102000] Time [11621.5849] dl [-7.0494] gl [27.7881] gp [1.7561]
Iter [  103000] Time [11714.2257] dl [-5.7509] gl [18.8683] gp [1.2378]
Iter [  104000] Time [11806.4454] dl [-6.2453] gl [17.7245] gp [1.0028]
Iter [  105000] Time [11898.3609] dl [-4.8927] gl [14.4053] gp [1.4517]
Iter [  106000] Time [11989.7802] dl [-4.9667] gl [25.4030] gp [1.5795]
Iter [  107000] Time [12081.2468] dl [-8.9356] gl [19.1141] gp [1.3171]
Iter [  108000] Time [12172.8947] dl [-6.7705] gl [10.2266] gp [1.7038]
Iter [  109000] Time [12264.2732] dl [-9.0583] gl [4.6655] gp [1.5776]
Iter [  110000] Time [12355.5739] dl [-4.4166] gl [9.9132] gp [1.3946]
....................................................................................................................................................................................................................................................................................................................................................................................................................................................................................................................inception score [7.3289]
FID: 29.018318101857524
Iter [  111000] Time [12671.7348] dl [-6.9629] gl [22.4144] gp [1.5461]
Iter [  112000] Time [12762.9828] dl [-5.1778] gl [29.6593] gp [1.4185]
Iter [  113000] Time [12855.1430] dl [-9.9317] gl [14.7000] gp [1.7519]
Iter [  114000] Time [12946.7207] dl [-5.4673] gl [14.1133] gp [1.3723]
Iter [  115000] Time [13038.2335] dl [-8.3173] gl [5.0869] gp [1.4007]
Iter [  116000] Time [13129.6219] dl [-7.1578] gl [22.3690] gp [1.3425]
Iter [  117000] Time [13220.8427] dl [-7.1276] gl [23.3180] gp [1.5114]
Iter [  118000] Time [13312.1558] dl [-7.7238] gl [6.8307] gp [1.4603]
Iter [  119000] Time [13403.9072] dl [-2.8518] gl [14.4914] gp [1.3901]
Iter [  120000] Time [13495.9149] dl [-6.1842] gl [13.6593] gp [1.8042]
....................................................................................................................................................................................................................................................................................................................................................................................................................................................................................................................inception score [7.0260]
FID: 30.201836881117785
Iter [  121000] Time [13818.6070] dl [-7.6755] gl [26.1577] gp [1.5934]
Iter [  122000] Time [13909.9901] dl [-7.8039] gl [18.8950] gp [1.2831]
Iter [  123000] Time [14002.4154] dl [-7.1818] gl [17.3445] gp [1.4579]
Iter [  124000] Time [14094.5996] dl [-6.3637] gl [25.2435] gp [1.1793]
Iter [  125000] Time [14186.6732] dl [-5.6629] gl [25.9785] gp [1.7881]
Iter [  126000] Time [14278.8293] dl [-7.7721] gl [13.3694] gp [2.0170]
Iter [  127000] Time [14370.7431] dl [-9.0321] gl [31.8963] gp [1.7224]
Iter [  128000] Time [14462.4816] dl [-10.3964] gl [31.2270] gp [1.9820]
Iter [  129000] Time [14554.2127] dl [-6.9894] gl [16.6167] gp [1.4594]
Iter [  130000] Time [14646.1611] dl [-8.9125] gl [27.3972] gp [1.6200]
....................................................................................................................................................................................................................................................................................................................................................................................................................................................................................................................inception score [6.8872]
FID: 34.44155344834432
Iter [  131000] Time [14965.5350] dl [-10.1240] gl [22.0644] gp [1.5278]
Iter [  132000] Time [15057.7306] dl [-7.1565] gl [27.6379] gp [1.3297]
Iter [  133000] Time [15150.5935] dl [-9.3419] gl [22.6332] gp [1.5557]
Iter [  134000] Time [15243.2274] dl [-8.0243] gl [17.5370] gp [1.5296]
Iter [  135000] Time [15335.2268] dl [-7.2870] gl [27.6985] gp [1.6048]
Iter [  136000] Time [15427.2814] dl [-6.8510] gl [47.9781] gp [1.6237]
Iter [  137000] Time [15509.5605] dl [-8.6363] gl [40.5208] gp [2.5005]
Iter [  138000] Time [15591.3057] dl [-6.9600] gl [12.4283] gp [1.9576]
Iter [  139000] Time [15672.8652] dl [-10.8322] gl [26.6558] gp [1.2830]
Iter [  140000] Time [15754.4536] dl [-10.4133] gl [18.3014] gp [2.4192]
....................................................................................................................................................................................................................................................................................................................................................................................................................................................................................................................inception score [6.9160]
FID: 30.84422827996786
Iter [  141000] Time [16025.1567] dl [-10.3771] gl [17.9936] gp [1.8996]
Iter [  142000] Time [16108.1919] dl [-10.0745] gl [14.5851] gp [2.0063]
Iter [  143000] Time [16190.6405] dl [-7.7154] gl [27.7971] gp [1.9113]
Iter [  144000] Time [16272.5949] dl [-5.6899] gl [15.3783] gp [1.7109]
Iter [  145000] Time [16354.2713] dl [-8.9963] gl [24.1934] gp [2.0363]
Iter [  146000] Time [16435.7703] dl [-11.0486] gl [2.6685] gp [1.9634]
Iter [  147000] Time [16517.2488] dl [-12.8985] gl [32.1826] gp [1.8290]
Iter [  148000] Time [16598.6258] dl [-7.8915] gl [49.2675] gp [2.2742]
Iter [  149000] Time [16679.9772] dl [-9.3240] gl [14.5828] gp [1.4390]
Iter [  150000] Time [16761.7017] dl [-10.7862] gl [26.3385] gp [2.1678]
....................................................................................................................................................................................................................................................................................................................................................................................................................................................................................................................inception score [6.8301]
FID: 33.763568315417885
Iter [  151000] Time [17031.1778] dl [-6.8177] gl [24.2398] gp [2.6350]
Iter [  152000] Time [17113.5959] dl [-11.2549] gl [24.6963] gp [1.4932]
Iter [  153000] Time [17195.8276] dl [-10.2965] gl [27.1213] gp [2.3666]
Iter [  154000] Time [17277.5791] dl [-10.2683] gl [31.8608] gp [1.6466]
Iter [  155000] Time [17358.7887] dl [-9.7769] gl [32.0598] gp [1.4523]
Iter [  156000] Time [17440.0328] dl [-9.1341] gl [36.0360] gp [1.8321]
Iter [  157000] Time [17521.2952] dl [-8.8666] gl [12.8871] gp [1.9224]
Iter [  158000] Time [17602.2865] dl [-7.7673] gl [14.9613] gp [2.5514]
Iter [  159000] Time [17683.3105] dl [-10.4820] gl [33.2178] gp [2.2331]
Iter [  160000] Time [17764.3015] dl [-13.9073] gl [31.9104] gp [2.0970]
....................................................................................................................................................................................................................................................................................................................................................................................................................................................................................................................inception score [6.8057]
FID: 30.182207171257478
Iter [  161000] Time [18033.4479] dl [-10.7776] gl [41.0014] gp [3.1706]
Iter [  162000] Time [18115.9127] dl [-9.8546] gl [38.1538] gp [2.3422]
Iter [  163000] Time [18200.3002] dl [-12.4880] gl [28.6121] gp [2.1956]
Iter [  164000] Time [18289.7938] dl [-10.3860] gl [42.9269] gp [2.1427]
Iter [  165000] Time [18378.7565] dl [-12.2098] gl [50.7803] gp [2.7864]
Iter [  166000] Time [18467.8588] dl [-13.1936] gl [14.8172] gp [2.2753]
Iter [  167000] Time [18556.9838] dl [-11.3180] gl [52.0268] gp [2.1770]
Iter [  168000] Time [18646.2703] dl [-13.0877] gl [28.4637] gp [2.3701]
Iter [  169000] Time [18735.3107] dl [-12.0436] gl [29.5490] gp [3.9777]
Iter [  170000] Time [18824.4347] dl [-7.2009] gl [8.5941] gp [2.7882]
....................................................................................................................................................................................................................................................................................................................................................................................................................................................................................................................inception score [6.7848]
FID: 34.793734084397556
Iter [  171000] Time [19136.1591] dl [-6.9986] gl [35.2932] gp [1.5922]
Iter [  172000] Time [19225.6246] dl [-11.4226] gl [13.3979] gp [2.4703]
Iter [  173000] Time [19315.5862] dl [-11.2166] gl [46.2159] gp [2.3931]
Iter [  174000] Time [19405.2742] dl [-13.6023] gl [25.3648] gp [3.3122]
Iter [  175000] Time [19494.7438] dl [-11.9889] gl [26.8862] gp [2.7381]
Iter [  176000] Time [19584.2147] dl [-13.5079] gl [48.9539] gp [2.1065]
Iter [  177000] Time [19673.4131] dl [-12.7807] gl [25.8282] gp [2.1818]
Iter [  178000] Time [19762.7268] dl [-11.5041] gl [26.5015] gp [2.2687]
Iter [  179000] Time [19852.3436] dl [-13.5571] gl [23.0999] gp [2.2125]
Iter [  180000] Time [19941.5957] dl [-13.5699] gl [24.0608] gp [2.6810]
....................................................................................................................................................................................................................................................................................................................................................................................................................................................................................................................inception score [6.7845]
FID: 31.117564721313954
Iter [  181000] Time [20213.2872] dl [-12.9138] gl [30.1751] gp [1.8879]
Iter [  182000] Time [20300.7053] dl [-11.4863] gl [34.1940] gp [2.8743]
Iter [  183000] Time [20391.0867] dl [-10.6619] gl [33.6708] gp [2.4384]
Iter [  184000] Time [20481.3147] dl [-11.2482] gl [33.4120] gp [1.9915]
Iter [  185000] Time [20571.1383] dl [-12.5878] gl [14.2320] gp [3.4021]
Iter [  186000] Time [20661.0906] dl [-13.8225] gl [30.1509] gp [2.1931]
Iter [  187000] Time [20750.5710] dl [-12.0140] gl [19.8170] gp [2.7905]
Iter [  188000] Time [20840.5268] dl [-11.9915] gl [8.9500] gp [2.5926]
Iter [  189000] Time [20930.3187] dl [-10.9915] gl [30.2677] gp [2.1659]
Iter [  190000] Time [21020.0800] dl [-12.9259] gl [24.4400] gp [3.2185]
....................................................................................................................................................................................................................................................................................................................................................................................................................................................................................................................inception score [6.9433]
FID: 31.774661482736775
Iter [  191000] Time [21332.3797] dl [-10.7846] gl [31.1464] gp [2.0520]
Iter [  192000] Time [21422.1477] dl [-14.4149] gl [39.2285] gp [2.4582]
Iter [  193000] Time [21512.3201] dl [-13.9415] gl [20.5453] gp [3.0934]
Iter [  194000] Time [21601.8627] dl [-13.4559] gl [28.2876] gp [2.8908]
Iter [  195000] Time [21691.6029] dl [-13.0145] gl [38.9479] gp [2.7034]
Iter [  196000] Time [21781.4517] dl [-10.8871] gl [47.0013] gp [2.8201]
Iter [  197000] Time [21871.0578] dl [-15.1322] gl [12.3900] gp [4.0983]
Iter [  198000] Time [21960.6375] dl [-15.5385] gl [46.3670] gp [2.9037]
Iter [  199000] Time [22050.2467] dl [-9.4365] gl [29.8431] gp [2.8444]
