extra
[None, 32, 32, 3]
trainable
g_woa/fully_connected/weights:0
g_woa/fully_connected/biases:0
g_woa/BatchNorm/beta:0
g_woa/BatchNorm/moving_mean:0
g_woa/BatchNorm/moving_variance:0
g_woa/Conv2d_transpose/weights:0
g_woa/Conv2d_transpose/biases:0
g_woa/Conv2d_transpose/BatchNorm/beta:0
g_woa/Conv2d_transpose/BatchNorm/moving_mean:0
g_woa/Conv2d_transpose/BatchNorm/moving_variance:0
g_woa/Conv2d_transpose_1/weights:0
g_woa/Conv2d_transpose_1/biases:0
g_woa/Conv2d_transpose_1/BatchNorm/beta:0
g_woa/Conv2d_transpose_1/BatchNorm/moving_mean:0
g_woa/Conv2d_transpose_1/BatchNorm/moving_variance:0
g_woa/Conv2d_transpose_2/weights:0
g_woa/Conv2d_transpose_2/biases:0
g_woa/Conv2d_transpose_2/BatchNorm/beta:0
g_woa/Conv2d_transpose_2/BatchNorm/moving_mean:0
g_woa/Conv2d_transpose_2/BatchNorm/moving_variance:0
g_woa/Conv2d_transpose_3/weights:0
g_woa/Conv2d_transpose_3/biases:0
Iter [       0] Time [3.1122] dl [-0.0166] gl [0.0230] gp [9.9794]
Iter [    1000] Time [183.8281] dl [-21.7826] gl [84.3717] gp [0.8517]
Iter [    2000] Time [363.2765] dl [-20.7026] gl [30.2389] gp [1.3783]
Iter [    3000] Time [543.5447] dl [-24.8450] gl [47.2609] gp [5.6966]
Iter [    4000] Time [722.5398] dl [-1.2988] gl [86.5171] gp [2.7043]
Iter [    5000] Time [902.2879] dl [-7.6690] gl [42.7726] gp [0.3440]
Iter [    6000] Time [1081.4492] dl [-5.8167] gl [48.3172] gp [0.4289]
Iter [    7000] Time [1261.2000] dl [-7.5395] gl [34.8037] gp [0.3315]
Iter [    8000] Time [1440.8383] dl [-4.6769] gl [29.9918] gp [0.3637]
Iter [    9000] Time [1620.2419] dl [-6.8137] gl [43.5579] gp [0.3448]
Iter [   10000] Time [1800.1322] dl [-5.3348] gl [35.6629] gp [0.4003]
....................................................................................................................................................................................................................................................................................................................................................................................................................................................................................................................inception score [4.3685]
FID: 75.94367576058492
Iter [   11000] Time [2260.7325] dl [-6.5706] gl [17.7623] gp [0.4052]
Iter [   12000] Time [2442.9498] dl [-4.8438] gl [12.1954] gp [0.2939]
Iter [   13000] Time [2624.4945] dl [-4.0954] gl [33.3761] gp [0.4948]
Iter [   14000] Time [2806.2822] dl [-3.0917] gl [27.4366] gp [0.3757]
Iter [   15000] Time [2988.0136] dl [-2.8337] gl [36.8858] gp [0.2690]
Iter [   16000] Time [3169.9442] dl [-2.6450] gl [52.1308] gp [0.3346]
Iter [   17000] Time [3351.4437] dl [-6.2176] gl [71.8425] gp [0.6083]
Iter [   18000] Time [3532.7488] dl [-5.0868] gl [52.1224] gp [0.4531]
Iter [   19000] Time [3714.4603] dl [-3.0475] gl [57.1481] gp [0.2774]
Iter [   20000] Time [3896.0700] dl [-4.2862] gl [48.5146] gp [0.3849]
....................................................................................................................................................................................................................................................................................................................................................................................................................................................................................................................inception score [5.5557]
FID: 52.736570867249256
Iter [   21000] Time [4354.4129] dl [-4.0389] gl [55.2692] gp [0.4721]
Iter [   22000] Time [4536.4136] dl [-3.4025] gl [52.6681] gp [0.2910]
Iter [   23000] Time [4718.7906] dl [-4.6600] gl [46.3341] gp [0.3587]
Iter [   24000] Time [4900.9567] dl [-2.4805] gl [21.0467] gp [0.5192]
Iter [   25000] Time [5082.9808] dl [-4.2097] gl [56.5641] gp [0.2839]
Iter [   26000] Time [5265.2655] dl [-5.2899] gl [54.4116] gp [0.4771]
Iter [   27000] Time [5447.9482] dl [-3.1302] gl [41.8135] gp [0.3612]
Iter [   28000] Time [5630.1482] dl [-3.2196] gl [37.1594] gp [0.3173]
Iter [   29000] Time [5812.3606] dl [-4.2348] gl [38.9785] gp [0.4951]
Iter [   30000] Time [5994.6537] dl [-2.7368] gl [34.9722] gp [0.2891]
....................................................................................................................................................................................................................................................................................................................................................................................................................................................................................................................inception score [5.8486]
FID: 45.08422335136102
Iter [   31000] Time [6456.7579] dl [-3.8643] gl [35.6967] gp [0.2992]
Iter [   32000] Time [6640.7671] dl [-3.1081] gl [34.0750] gp [0.5080]
Iter [   33000] Time [6824.4546] dl [-4.2281] gl [28.8606] gp [0.5481]
Iter [   34000] Time [7007.7721] dl [-3.2128] gl [24.0670] gp [0.6798]
Iter [   35000] Time [7191.8264] dl [-4.9122] gl [31.7936] gp [0.8824]
Iter [   36000] Time [7376.2791] dl [-3.1060] gl [37.2400] gp [0.3698]
Iter [   37000] Time [7560.1699] dl [-2.2168] gl [42.1481] gp [0.4123]
Iter [   38000] Time [7743.4180] dl [-4.5846] gl [33.5026] gp [0.3605]
Iter [   39000] Time [7926.7102] dl [-4.4943] gl [26.3928] gp [0.4306]
Iter [   40000] Time [8109.6628] dl [-2.9437] gl [32.4689] gp [0.3481]
....................................................................................................................................................................................................................................................................................................................................................................................................................................................................................................................inception score [6.0396]
FID: 42.06790400115399
Iter [   41000] Time [8575.1660] dl [-3.8614] gl [22.9114] gp [0.2877]
Iter [   42000] Time [8756.5218] dl [-5.7073] gl [27.1092] gp [0.5723]
Iter [   43000] Time [8938.0292] dl [-4.2182] gl [27.6411] gp [0.3474]
Iter [   44000] Time [9119.4698] dl [-2.5883] gl [38.7611] gp [0.4761]
Iter [   45000] Time [9300.4615] dl [-4.3347] gl [26.2735] gp [0.4890]
Iter [   46000] Time [9481.7981] dl [-4.5788] gl [30.2706] gp [0.4056]
Iter [   47000] Time [9663.4433] dl [-3.0684] gl [27.4322] gp [0.3537]
Iter [   48000] Time [9845.1622] dl [-4.8683] gl [31.1105] gp [0.6525]
Iter [   49000] Time [10026.8519] dl [-4.0108] gl [24.6734] gp [0.3217]
Iter [   50000] Time [10208.6037] dl [-4.5610] gl [25.9217] gp [0.5674]
....................................................................................................................................................................................................................................................................................................................................................................................................................................................................................................................inception score [6.5927]
FID: 36.8358797004003
Iter [   51000] Time [10671.0743] dl [-3.8715] gl [28.0799] gp [0.4283]
Iter [   52000] Time [10852.4050] dl [-3.3945] gl [23.0869] gp [0.4974]
Iter [   53000] Time [11034.2296] dl [-3.1299] gl [28.2360] gp [0.4362]
Iter [   54000] Time [11215.5619] dl [-3.2566] gl [30.9038] gp [0.5057]
Iter [   55000] Time [11396.9445] dl [-3.5285] gl [26.3441] gp [0.4555]
Iter [   56000] Time [11578.1206] dl [-2.4958] gl [36.8992] gp [0.4542]
Iter [   57000] Time [11759.5487] dl [-3.1221] gl [20.1114] gp [0.4087]
Iter [   58000] Time [11941.0854] dl [-3.3157] gl [31.1126] gp [0.4102]
Iter [   59000] Time [12122.7749] dl [-4.9496] gl [25.5640] gp [0.4557]
Iter [   60000] Time [12304.1542] dl [-3.9441] gl [20.4405] gp [0.3638]
....................................................................................................................................................................................................................................................................................................................................................................................................................................................................................................................inception score [6.7544]
FID: 38.98731591635122
Iter [   61000] Time [12760.1622] dl [-0.2119] gl [24.1062] gp [0.5176]
Iter [   62000] Time [12942.5912] dl [-4.3234] gl [19.7985] gp [0.5679]
Iter [   63000] Time [13124.6204] dl [-3.4109] gl [22.0130] gp [0.4893]
Iter [   64000] Time [13306.0594] dl [-2.1865] gl [24.4102] gp [0.4514]
Iter [   65000] Time [13487.3754] dl [-4.0879] gl [37.5764] gp [0.4092]
Iter [   66000] Time [13669.0810] dl [-4.4737] gl [24.2315] gp [0.3682]
Iter [   67000] Time [13850.7478] dl [-5.4888] gl [21.1984] gp [0.6675]
Iter [   68000] Time [14032.3257] dl [-2.8674] gl [29.4916] gp [0.3854]
Iter [   69000] Time [14213.8654] dl [-2.9586] gl [33.8928] gp [0.4965]
Iter [   70000] Time [14395.4846] dl [-3.0558] gl [34.0632] gp [0.3496]
....................................................................................................................................................................................................................................................................................................................................................................................................................................................................................................................inception score [6.8713]
FID: 33.738065462551454
Iter [   71000] Time [14854.8642] dl [-2.9391] gl [34.8175] gp [0.5862]
Iter [   72000] Time [15035.9572] dl [-3.7419] gl [32.2520] gp [0.5860]
Iter [   73000] Time [15217.4565] dl [-3.6626] gl [34.4193] gp [0.3828]
Iter [   74000] Time [15399.1180] dl [-5.3570] gl [33.3173] gp [0.5260]
Iter [   75000] Time [15580.4773] dl [-2.0977] gl [27.4055] gp [0.5476]
Iter [   76000] Time [15761.8264] dl [-2.6315] gl [28.6820] gp [0.5990]
Iter [   77000] Time [15943.2427] dl [-4.4309] gl [35.8579] gp [0.4765]
Iter [   78000] Time [16124.7162] dl [-3.9073] gl [30.8376] gp [0.6188]
Iter [   79000] Time [16306.3779] dl [-3.0704] gl [30.6051] gp [0.3997]
Iter [   80000] Time [16488.0580] dl [-4.0086] gl [27.6173] gp [0.4962]
....................................................................................................................................................................................................................................................................................................................................................................................................................................................................................................................inception score [6.7438]
FID: 32.28227734005468
Iter [   81000] Time [16953.4024] dl [-2.4585] gl [24.3665] gp [0.5648]
Iter [   82000] Time [17135.0424] dl [-2.4573] gl [39.0953] gp [0.5746]
Iter [   83000] Time [17316.8229] dl [-1.0249] gl [49.7212] gp [0.8648]
Iter [   84000] Time [17498.3540] dl [-4.1472] gl [41.0197] gp [0.6470]
Iter [   85000] Time [17679.7873] dl [-4.1640] gl [47.3901] gp [0.5797]
Iter [   86000] Time [17861.6510] dl [-4.2108] gl [27.7201] gp [0.7108]
Iter [   87000] Time [18043.3855] dl [-3.9044] gl [38.9365] gp [0.4983]
Iter [   88000] Time [18225.0286] dl [-3.0228] gl [30.2239] gp [0.5533]
Iter [   89000] Time [18406.9123] dl [-3.2005] gl [31.7568] gp [0.5554]
Iter [   90000] Time [18588.2971] dl [-4.0113] gl [37.9909] gp [0.5188]
....................................................................................................................................................................................................................................................................................................................................................................................................................................................................................................................inception score [6.8183]
FID: 31.13237480453846
Iter [   91000] Time [19052.2940] dl [-4.0816] gl [38.0221] gp [0.9236]
Iter [   92000] Time [19233.9476] dl [-3.9209] gl [44.5858] gp [0.5651]
Iter [   93000] Time [19415.2108] dl [-2.2727] gl [23.9032] gp [0.9703]
Iter [   94000] Time [19596.8862] dl [-2.8079] gl [31.2877] gp [0.6594]
Iter [   95000] Time [19778.4209] dl [-3.2554] gl [31.2961] gp [0.7235]
Iter [   96000] Time [19960.0307] dl [-6.0025] gl [42.6430] gp [0.4771]
Iter [   97000] Time [20142.8236] dl [-4.6415] gl [41.0694] gp [0.6075]
Iter [   98000] Time [20324.5785] dl [-1.9457] gl [9.8433] gp [0.9910]
Iter [   99000] Time [20506.4122] dl [-1.6412] gl [39.9046] gp [0.7965]
Iter [  100000] Time [20688.4439] dl [-2.7295] gl [43.4474] gp [0.7772]
....................................................................................................................................................................................................................................................................................................................................................................................................................................................................................................................inception score [6.9276]
FID: 31.811226896610307
Iter [  101000] Time [21147.1862] dl [-3.8825] gl [44.6213] gp [0.5818]
Iter [  102000] Time [21328.9485] dl [-3.0515] gl [32.1430] gp [0.7561]
Iter [  103000] Time [21510.7866] dl [-3.8891] gl [32.6586] gp [0.6361]
Iter [  104000] Time [21692.9093] dl [-2.5207] gl [34.7571] gp [0.7720]
Iter [  105000] Time [21875.0035] dl [-4.9473] gl [36.2507] gp [0.8153]
Iter [  106000] Time [22056.8221] dl [-5.7875] gl [36.7701] gp [0.6865]
Iter [  107000] Time [22239.2698] dl [-5.0741] gl [34.1326] gp [0.6151]
Iter [  108000] Time [22421.1918] dl [-3.6511] gl [37.5324] gp [0.5583]
Iter [  109000] Time [22603.1958] dl [-4.3997] gl [31.5660] gp [0.8810]
Iter [  110000] Time [22784.9126] dl [-4.7626] gl [32.2148] gp [0.6417]
....................................................................................................................................................................................................................................................................................................................................................................................................................................................................................................................inception score [6.9503]
FID: 28.89691713273142
Iter [  111000] Time [23245.2492] dl [-5.3207] gl [30.5994] gp [0.9616]
Iter [  112000] Time [23427.2200] dl [-4.2516] gl [40.9829] gp [0.5261]
Iter [  113000] Time [23608.6189] dl [-4.2143] gl [40.5462] gp [0.6396]
Iter [  114000] Time [23790.1327] dl [-4.4781] gl [31.2222] gp [0.6855]
Iter [  115000] Time [23971.6269] dl [-4.2152] gl [29.4348] gp [0.7374]
Iter [  116000] Time [24152.5426] dl [-5.2395] gl [30.9109] gp [0.8652]
Iter [  117000] Time [24333.8406] dl [-2.8775] gl [44.8386] gp [0.6524]
Iter [  118000] Time [24515.1961] dl [-3.5165] gl [39.9514] gp [0.6317]
Iter [  119000] Time [24696.1451] dl [-6.1841] gl [45.3107] gp [0.5124]
Iter [  120000] Time [24877.3211] dl [-5.1117] gl [40.1869] gp [0.9549]
....................................................................................................................................................................................................................................................................................................................................................................................................................................................................................................................inception score [6.8836]
FID: 30.002718168481913
Iter [  121000] Time [25340.3353] dl [-4.9638] gl [27.5465] gp [1.1108]
Iter [  122000] Time [25521.8240] dl [-5.0391] gl [43.5843] gp [0.8229]
Iter [  123000] Time [25703.3682] dl [-4.0534] gl [36.9541] gp [0.6157]
Iter [  124000] Time [25884.8327] dl [-4.3632] gl [44.1898] gp [0.7810]
Iter [  125000] Time [26066.9779] dl [-5.1815] gl [43.3375] gp [0.8465]
Iter [  126000] Time [26248.1441] dl [-5.9070] gl [50.0333] gp [0.9645]
Iter [  127000] Time [26429.4410] dl [-3.7530] gl [33.8290] gp [0.9857]
Iter [  128000] Time [26611.1089] dl [-5.8654] gl [33.0053] gp [1.1141]
Iter [  129000] Time [26792.8135] dl [-4.8414] gl [38.2900] gp [0.8517]
Iter [  130000] Time [26974.2855] dl [-3.6630] gl [27.0080] gp [0.9135]
....................................................................................................................................................................................................................................................................................................................................................................................................................................................................................................................inception score [6.9512]
FID: 31.01244897575212
Iter [  131000] Time [27438.5869] dl [-5.9175] gl [34.4238] gp [1.1269]
Iter [  132000] Time [27620.2207] dl [-3.7714] gl [38.0151] gp [1.1887]
Iter [  133000] Time [27802.1694] dl [-6.8241] gl [32.6077] gp [0.8806]
Iter [  134000] Time [27983.6446] dl [-9.1059] gl [40.3985] gp [1.3063]
Iter [  135000] Time [28165.6085] dl [-4.2011] gl [21.4323] gp [0.8038]
Iter [  136000] Time [28347.1598] dl [-4.9189] gl [51.8109] gp [0.8872]
Iter [  137000] Time [28529.0557] dl [-3.3363] gl [32.1138] gp [0.9724]
Iter [  138000] Time [28710.7650] dl [-6.1476] gl [42.7268] gp [1.3760]
Iter [  139000] Time [28892.6402] dl [-5.6365] gl [29.7660] gp [0.9182]
Iter [  140000] Time [29074.4059] dl [-6.7454] gl [36.1981] gp [0.7141]
....................................................................................................................................................................................................................................................................................................................................................................................................................................................................................................................inception score [6.9615]
FID: 29.280656230266587
Iter [  141000] Time [29532.4836] dl [-4.2038] gl [28.0743] gp [1.1013]
Iter [  142000] Time [29713.6813] dl [-3.1832] gl [30.0647] gp [1.0339]
Iter [  143000] Time [29895.6478] dl [-5.3423] gl [40.8039] gp [0.9329]
Iter [  144000] Time [30077.8951] dl [-4.1427] gl [35.1622] gp [1.0065]
Iter [  145000] Time [30259.6695] dl [-5.4924] gl [55.3102] gp [1.4451]
Iter [  146000] Time [30441.7594] dl [-4.9422] gl [45.5343] gp [1.0594]
Iter [  147000] Time [30623.6525] dl [-6.4301] gl [44.1772] gp [1.3881]
Iter [  148000] Time [30805.3503] dl [-6.0371] gl [49.8359] gp [0.8196]
Iter [  149000] Time [30986.7345] dl [-3.6172] gl [36.4579] gp [1.1739]
Iter [  150000] Time [31167.7846] dl [-5.2565] gl [38.8245] gp [1.0616]
....................................................................................................................................................................................................................................................................................................................................................................................................................................................................................................................inception score [7.0357]
FID: 33.098787620491024
Iter [  151000] Time [31627.2859] dl [-7.2772] gl [51.2017] gp [0.8699]
Iter [  152000] Time [31808.2426] dl [-5.5710] gl [41.7841] gp [1.0375]
Iter [  153000] Time [31989.4271] dl [-5.9117] gl [39.4496] gp [1.5925]
Iter [  154000] Time [32170.4632] dl [-5.5372] gl [48.3054] gp [1.1919]
Iter [  155000] Time [32351.7709] dl [-6.9211] gl [33.3106] gp [1.3684]
Iter [  156000] Time [32532.9378] dl [-5.7830] gl [45.2622] gp [1.1412]
Iter [  157000] Time [32713.8595] dl [-8.0620] gl [53.7690] gp [0.8746]
Iter [  158000] Time [32894.6985] dl [-7.5468] gl [43.1203] gp [1.6068]
Iter [  159000] Time [33075.9161] dl [-7.0150] gl [50.8560] gp [1.4504]
Iter [  160000] Time [33257.1682] dl [-5.0462] gl [37.9047] gp [1.1702]
....................................................................................................................................................................................................................................................................................................................................................................................................................................................................................................................inception score [7.2127]
FID: 31.56496277489113
Iter [  161000] Time [33722.4615] dl [-8.9674] gl [35.0103] gp [1.6674]
Iter [  162000] Time [33904.0801] dl [-6.3750] gl [30.2763] gp [1.2118]
Iter [  163000] Time [34086.1608] dl [-7.3054] gl [47.8277] gp [1.1286]
Iter [  164000] Time [34268.2875] dl [-5.7952] gl [35.7830] gp [1.6715]
Iter [  165000] Time [34450.0060] dl [-7.0118] gl [47.5011] gp [0.9217]
Iter [  166000] Time [34632.1524] dl [-4.4470] gl [46.0578] gp [1.7428]
Iter [  167000] Time [34814.0397] dl [-4.2867] gl [29.7739] gp [1.0918]
Iter [  168000] Time [34996.0931] dl [-5.8889] gl [55.2066] gp [1.5017]
Iter [  169000] Time [35178.0753] dl [-6.5891] gl [49.8479] gp [1.3141]
Iter [  170000] Time [35359.7381] dl [-5.3228] gl [44.1926] gp [1.6513]
....................................................................................................................................................................................................................................................................................................................................................................................................................................................................................................................inception score [6.8845]
FID: 30.321516301309245
Iter [  171000] Time [35823.0236] dl [-5.4427] gl [45.9077] gp [0.8695]
Iter [  172000] Time [36004.9572] dl [-6.0348] gl [42.4531] gp [0.9567]
Iter [  173000] Time [36187.0374] dl [-8.8650] gl [28.4637] gp [1.5465]
Iter [  174000] Time [36369.1407] dl [-5.5583] gl [47.6065] gp [1.3432]
Iter [  175000] Time [36550.9020] dl [-7.4212] gl [54.7438] gp [1.3383]
Iter [  176000] Time [36732.7396] dl [-7.7589] gl [52.2881] gp [1.0995]
Iter [  177000] Time [36914.4935] dl [-5.1199] gl [59.4098] gp [1.8358]
Iter [  178000] Time [37096.4756] dl [-5.4171] gl [33.6636] gp [0.8355]
Iter [  179000] Time [37278.4004] dl [-7.5327] gl [52.0020] gp [1.6667]
Iter [  180000] Time [37460.0894] dl [-6.2626] gl [58.7209] gp [1.9350]
....................................................................................................................................................................................................................................................................................................................................................................................................................................................................................................................inception score [7.2243]
FID: 26.61598444853545
Iter [  181000] Time [37918.8832] dl [-5.1371] gl [28.9057] gp [1.7952]
Iter [  182000] Time [38100.8109] dl [-4.4103] gl [42.6640] gp [1.6569]
Iter [  183000] Time [38282.2934] dl [-5.6017] gl [46.4864] gp [1.2049]
Iter [  184000] Time [38463.9296] dl [-8.6735] gl [28.6972] gp [1.5722]
Iter [  185000] Time [38645.3190] dl [-6.3516] gl [49.0722] gp [1.6697]
Iter [  186000] Time [38827.1601] dl [-9.8008] gl [45.8704] gp [1.7848]
Iter [  187000] Time [39008.9901] dl [-5.8199] gl [66.6563] gp [1.7887]
Iter [  188000] Time [39190.7794] dl [-5.8475] gl [36.3409] gp [1.8298]
Iter [  189000] Time [39372.4434] dl [-5.5596] gl [51.3483] gp [1.6822]
Iter [  190000] Time [39553.8579] dl [-6.9067] gl [40.1169] gp [1.7321]
....................................................................................................................................................................................................................................................................................................................................................................................................................................................................................................................inception score [7.0226]
FID: 29.55158020558861
Iter [  191000] Time [40014.4188] dl [-7.8753] gl [62.2967] gp [1.7555]
Iter [  192000] Time [40196.1779] dl [-5.7967] gl [45.9120] gp [1.4451]
Iter [  193000] Time [40377.9610] dl [-6.5065] gl [35.9977] gp [1.8729]
Iter [  194000] Time [40559.5064] dl [-5.8724] gl [42.8733] gp [1.7207]
Iter [  195000] Time [40741.4846] dl [-5.2284] gl [73.3410] gp [2.0804]
Iter [  196000] Time [40923.4220] dl [-5.8829] gl [30.1741] gp [1.6577]
Iter [  197000] Time [41105.0790] dl [-9.3371] gl [59.3005] gp [1.8190]
Iter [  198000] Time [41286.6464] dl [-6.9829] gl [50.3370] gp [1.5881]
Iter [  199000] Time [41468.3405] dl [-4.6962] gl [36.6412] gp [2.0767]
